<?xml version="1.0" encoding="UTF-8"?>
<!-- Generated by org.testng.reporters.JUnitXMLReporter -->
<testsuite ignored="0" hostname="CHQS-7ZV5CY3" failures="0" tests="9" name="Test" time="141.178" errors="0" timestamp="2025-02-07T00:20:20 EST">
  <testcase classname="testCases.TC001_AccountRegistrationTest" name="Home_AccountRegistration" time="3.145"/>
  <testcase classname="testCases.TC002_LoginPageTest" name="verify_login" time="10.605"/>
  <testcase classname="testCases.TC003_DDTest" name="verify_loginDDT" time="5.903"/>
  <testcase classname="testCases.TC003_DDTest" name="verify_loginDDT" time="33.83"/>
  <testcase classname="testCases.TC003_DDTest" name="verify_loginDDT" time="6.122"/>
  <testcase classname="testCases.TC003_DDTest" name="verify_loginDDT" time="5.886"/>
  <testcase classname="testCases.TC003_DDTest" name="verify_loginDDT" time="5.792"/>
  <testcase classname="testCases.TC003_DDTest" name="verify_loginDDT" time="33.962"/>
  <testcase classname="testCases.TC003_DDTest" name="verify_loginDDT" time="5.99"/>
</testsuite> <!-- Test -->
