<?xml version="1.0" encoding="UTF-8"?>
<!-- Generated by org.testng.reporters.JUnitXMLReporter -->
<testsuite ignored="0" hostname="CHQS-7ZV5CY3" failures="0" tests="9" name="Test" time="248.728" errors="0" timestamp="2025-02-10T10:47:16 EST">
  <testcase classname="testCases.TC001_AccountRegistrationTest" name="Home_AccountRegistration" time="6.293"/>
  <testcase classname="testCases.TC002_LoginPageTest" name="verify_login" time="17.81"/>
  <testcase classname="testCases.TC003_DDTest" name="verify_loginDDT" time="12.674"/>
  <testcase classname="testCases.TC003_DDTest" name="verify_loginDDT" time="38.317"/>
  <testcase classname="testCases.TC003_DDTest" name="verify_loginDDT" time="26.717"/>
  <testcase classname="testCases.TC003_DDTest" name="verify_loginDDT" time="9.859"/>
  <testcase classname="testCases.TC003_DDTest" name="verify_loginDDT" time="8.897"/>
  <testcase classname="testCases.TC003_DDTest" name="verify_loginDDT" time="34.55"/>
  <testcase classname="testCases.TC003_DDTest" name="verify_loginDDT" time="20.952"/>
</testsuite> <!-- Test -->
