<?xml version="1.0" encoding="UTF-8"?>
<!-- Generated by org.testng.reporters.JUnitXMLReporter -->
<testsuite ignored="0" hostname="CHQS-7ZV5CY3" failures="0" tests="9" name="Test" time="123.005" errors="0" timestamp="2025-02-07T00:36:39 EST">
  <testcase classname="testCases.TC001_AccountRegistrationTest" name="Home_AccountRegistration" time="2.853"/>
  <testcase classname="testCases.TC002_LoginPageTest" name="verify_login" time="9.65"/>
  <testcase classname="testCases.TC003_DDTest" name="verify_loginDDT" time="5.573"/>
  <testcase classname="testCases.TC003_DDTest" name="verify_loginDDT" time="33.847"/>
  <testcase classname="testCases.TC003_DDTest" name="verify_loginDDT" time="5.88"/>
  <testcase classname="testCases.TC003_DDTest" name="verify_loginDDT" time="5.084"/>
  <testcase classname="testCases.TC003_DDTest" name="verify_loginDDT" time="5.201"/>
  <testcase classname="testCases.TC003_DDTest" name="verify_loginDDT" time="33.807"/>
  <testcase classname="testCases.TC003_DDTest" name="verify_loginDDT" time="5.792"/>
</testsuite> <!-- Test -->
