<?xml version="1.0" encoding="UTF-8"?>
<testsuite xmlns:xsi="http://www.w3.org/2001/XMLSchema-instance" xsi:noNamespaceSchemaLocation="https://maven.apache.org/surefire/maven-surefire-plugin/xsd/surefire-test-report.xsd" version="3.0.2" name="TestSuite" time="123.651" tests="9" errors="0" skipped="0" failures="0">
  <properties>
[...]
</properties>
  <testcase name="Home_AccountRegistration" classname="testCases.TC001_AccountRegistrationTest" time="2.856">
    <system-out><![CDATA[00:34:41.531 [main] INFO  testCases.TC001_AccountRegistrationTest - ***********Started the TC001_AccountRegistrationTest*************
00:34:41.534 [main] INFO  testCases.TC001_AccountRegistrationTest - ***********clicked on myaccountdropdown*************
00:34:41.599 [main] INFO  testCases.TC001_AccountRegistrationTest - ***********clicked on register*************
Your Account Has Been Created!
00:34:44.365 [main] INFO  testCases.TC001_AccountRegistrationTest - ***********Started the TC001_AccountRegistrationTest*************
]]></system-out>
    <system-err><![CDATA[SLF4J: Failed to load class "org.slf4j.impl.StaticLoggerBinder".
SLF4J: Defaulting to no-operation (NOP) logger implementation
SLF4J: See http://www.slf4j.org/codes.html#StaticLoggerBinder for further details.
Feb 07, 2025 12:34:38 AM org.openqa.selenium.devtools.CdpVersionFinder findNearestMatch
WARNING: Unable to find an exact match for CDP version 133, returning the closest version; found: 132; Please update to a Selenium version that supports CDP version 133
]]></system-err>
  </testcase>
  <testcase name="verify_login" classname="testCases.TC002_LoginPageTest" time="9.65">
    <system-out><![CDATA[00:34:49.128 [main] INFO  testCases.TC002_LoginPageTest - ************Login started****************
My Account
00:34:53.135 [main] INFO  testCases.TC002_LoginPageTest - Login successful My Account
00:34:53.136 [main] INFO  testCases.TC002_LoginPageTest - ********Logout Started*******
00:34:53.882 [main] INFO  testCases.TC002_LoginPageTest - ********Logout successful*******
00:34:56.889 [main] INFO  testCases.TC002_LoginPageTest - ******** Testing Invalid Login *******
Warning: No match for E-Mail Address and/or Password.
00:34:58.266 [main] INFO  testCases.TC002_LoginPageTest - Invalid login test passed. Error Message: Warning: No match for E-Mail Address and/or Password.
]]></system-out>
    <system-err><![CDATA[Feb 07, 2025 12:34:46 AM org.openqa.selenium.devtools.CdpVersionFinder findNearestMatch
WARNING: Unable to find an exact match for CDP version 133, returning the closest version; found: 132; Please update to a Selenium version that supports CDP version 133
]]></system-err>
  </testcase>
  <testcase name="verify_loginDDT[naveendutt2027@gmail.com, howareyounaveen](1)" classname="testCases.TC003_DDTest" time="5.57">
    <system-out><![CDATA[00:35:03.454 [main] DEBUG org.apache.poi.openxml4j.opc.PackageRelationshipCollection - Parsing relationship: /xl/_rels/workbook.xml.rels
00:35:03.456 [main] DEBUG org.apache.poi.openxml4j.opc.PackageRelationshipCollection - Parsing relationship: /xl/worksheets/_rels/sheet1.xml.rels
00:35:03.458 [main] DEBUG org.apache.poi.openxml4j.opc.PackageRelationshipCollection - Parsing relationship: /_rels/.rels
00:35:03.618 [main] TRACE org.apache.xmlbeans.impl.common.XBeanDebug - Loading type system org.apache.poi.schemas.ooxml.system.ooxml
00:35:03.620 [main] TRACE org.apache.xmlbeans.impl.common.XBeanDebug - Loading type system org.apache.xmlbeans.metadata.system.sXMLCONFIG
00:35:03.621 [main] TRACE org.apache.xmlbeans.impl.common.XBeanDebug - Loading type system org.apache.xmlbeans.metadata.system.sXMLLANG
00:35:03.622 [main] TRACE org.apache.xmlbeans.impl.common.XBeanDebug - Loading type system org.apache.xmlbeans.metadata.system.sXMLSCHEMA
00:35:03.623 [main] TRACE org.apache.xmlbeans.impl.common.XBeanDebug - Loading type system org.apache.xmlbeans.metadata.system.sXMLTOOLS
00:35:03.624 [main] TRACE org.apache.xmlbeans.impl.common.XBeanDebug - Reading unresolved handles for type system org.apache.xmlbeans.metadata.system.sXMLTOOLS
00:35:03.635 [main] TRACE org.apache.xmlbeans.impl.common.XBeanDebug - Finished loading type system org.apache.xmlbeans.metadata.system.sXMLTOOLS
00:35:03.637 [main] TRACE org.apache.xmlbeans.impl.common.XBeanDebug - Reading unresolved handles for type system org.apache.xmlbeans.metadata.system.sXMLSCHEMA
00:35:03.643 [main] TRACE org.apache.xmlbeans.impl.common.XBeanDebug - Finished loading type system org.apache.xmlbeans.metadata.system.sXMLSCHEMA
00:35:03.644 [main] TRACE org.apache.xmlbeans.impl.common.XBeanDebug - Reading unresolved handles for type system org.apache.xmlbeans.metadata.system.sXMLLANG
00:35:03.645 [main] TRACE org.apache.xmlbeans.impl.common.XBeanDebug - Finished loading type system org.apache.xmlbeans.metadata.system.sXMLLANG
00:35:03.646 [main] TRACE org.apache.xmlbeans.impl.common.XBeanDebug - Reading unresolved handles for type system org.apache.xmlbeans.metadata.system.sXMLCONFIG
00:35:03.646 [main] TRACE org.apache.xmlbeans.impl.common.XBeanDebug - Finished loading type system org.apache.xmlbeans.metadata.system.sXMLCONFIG
00:35:03.647 [main] TRACE org.apache.xmlbeans.impl.common.XBeanDebug - Reading unresolved handles for type system org.apache.poi.schemas.ooxml.system.ooxml
00:35:03.702 [main] TRACE org.apache.xmlbeans.impl.common.XBeanDebug - Finished loading type system org.apache.poi.schemas.ooxml.system.ooxml
00:35:03.703 [main] TRACE org.apache.xmlbeans.impl.common.XBeanDebug - Resolving type for handle themefd26doctype
00:35:03.749 [main] TRACE org.apache.xmlbeans.impl.common.XBeanDebug - Resolving type for handle stylesheet5d8bdoctype
00:35:03.754 [main] TRACE org.apache.xmlbeans.impl.common.XBeanDebug - Resolving type for handle ctstylesheet4257type
00:35:03.758 [main] TRACE org.apache.xmlbeans.impl.common.XBeanDebug - Resolving type for handle ctfonts6623type
00:35:03.761 [main] TRACE org.apache.xmlbeans.impl.common.XBeanDebug - Resolving type for handle ctfont14d8type
00:35:03.766 [main] TRACE org.apache.xmlbeans.impl.common.XBeanDebug - Resolving type for handle ctfills2c6ftype
00:35:03.767 [main] TRACE org.apache.xmlbeans.impl.common.XBeanDebug - Resolving type for handle ctfill550ctype
00:35:03.769 [main] TRACE org.apache.xmlbeans.impl.common.XBeanDebug - Resolving type for handle ctborders0d66type
00:35:03.771 [main] TRACE org.apache.xmlbeans.impl.common.XBeanDebug - Resolving type for handle ctborderf935type
00:35:03.775 [main] TRACE org.apache.xmlbeans.impl.common.XBeanDebug - Resolving type for handle ctcellxfs1322type
00:35:03.778 [main] TRACE org.apache.xmlbeans.impl.common.XBeanDebug - Resolving type for handle ctxf97f7type
00:35:03.780 [main] TRACE org.apache.xmlbeans.impl.common.XBeanDebug - Resolving type for handle ctcellstylexfsa81ftype
00:35:03.782 [main] TRACE org.apache.xmlbeans.impl.common.XBeanDebug - Resolving type for handle ctdxfsb26atype
00:35:03.784 [main] TRACE org.apache.xmlbeans.impl.common.XBeanDebug - Resolving type for handle cttablestyles872ftype
00:35:03.788 [main] TRACE org.apache.xmlbeans.impl.common.XBeanDebug - Resolving type for handle sstf81fdoctype
00:35:03.791 [main] TRACE org.apache.xmlbeans.impl.common.XBeanDebug - Resolving type for handle ctsst44f3type
00:35:03.801 [main] TRACE org.apache.xmlbeans.impl.common.XBeanDebug - Resolving type for handle ctrsta472type
00:35:03.818 [main] TRACE org.apache.xmlbeans.impl.common.XBeanDebug - Resolving type for handle workbookec17doctype
00:35:03.823 [main] TRACE org.apache.xmlbeans.impl.common.XBeanDebug - Resolving type for handle ctworkbook83c3type
00:35:03.840 [main] TRACE org.apache.xmlbeans.impl.common.XBeanDebug - Resolving type for handle ctsheets49fdtype
00:35:03.843 [main] TRACE org.apache.xmlbeans.impl.common.XBeanDebug - Resolving type for handle ctsheet4dbetype
00:35:03.845 [main] TRACE org.apache.xmlbeans.impl.common.XBeanDebug - Resolving type for handle strelationshipid1e94type
00:35:03.849 [main] TRACE org.apache.xmlbeans.impl.common.XBeanDebug - Resolving type for handle worksheetf539doctype
00:35:03.857 [main] TRACE org.apache.xmlbeans.impl.common.XBeanDebug - Resolving type for handle ctworksheet530dtype
00:35:03.865 [main] TRACE org.apache.xmlbeans.impl.common.XBeanDebug - Resolving type for handle ctcols627ctype
00:35:03.869 [main] TRACE org.apache.xmlbeans.impl.common.XBeanDebug - Resolving type for handle ctcola95ftype
00:35:03.886 [main] TRACE org.apache.xmlbeans.impl.common.XBeanDebug - Resolving type for handle ctsheetdata8408type
00:35:03.889 [main] TRACE org.apache.xmlbeans.impl.common.XBeanDebug - Resolving type for handle ctrowdd39type
00:35:03.893 [main] TRACE org.apache.xmlbeans.impl.common.XBeanDebug - Resolving type for handle ctcell842btype
00:35:03.898 [main] TRACE org.apache.xmlbeans.impl.common.XBeanDebug - Resolving type for handle stcellrefe4e0type
00:35:03.905 [main] TRACE org.apache.xmlbeans.impl.common.XBeanDebug - Resolving type for handle cthyperlinks6416type
00:35:03.908 [main] TRACE org.apache.xmlbeans.impl.common.XBeanDebug - Resolving type for handle cthyperlink0c85type
00:35:03.914 [main] TRACE org.apache.xmlbeans.impl.common.XBeanDebug - Resolving type for handle stxstringf179type
00:35:03.917 [main] TRACE org.apache.xmlbeans.impl.common.XBeanDebug - Resolving type for handle stcelltypebf95type
00:35:03.925 [main] INFO  testCases.TC003_DDTest - ************Login started****************
My Account
00:35:06.067 [main] INFO  testCases.TC003_DDTest - Login successful: My Account
00:35:06.129 [main] INFO  testCases.TC003_DDTest - ********Logout successfully*******
]]></system-out>
    <system-err><![CDATA[Feb 07, 2025 12:35:00 AM org.openqa.selenium.devtools.CdpVersionFinder findNearestMatch
WARNING: Unable to find an exact match for CDP version 133, returning the closest version; found: 132; Please update to a Selenium version that supports CDP version 133
]]></system-err>
  </testcase>
  <testcase name="verify_loginDDT[naveendutt202@gmail.com, howareyounavee](2)" classname="testCases.TC003_DDTest" time="33.844">
    <system-out><![CDATA[00:35:09.498 [main] INFO  testCases.TC003_DDTest - ************Login started****************
00:35:43.343 [main] WARN  testCases.TC003_DDTest - ❌ Login failed for user: naveendutt202@gmail.com. Error: Warning: No match for E-Mail Address and/or Password.
]]></system-out>
  </testcase>
  <testcase name="verify_loginDDT[naveendutt2027@gmail.com, howareyounaveen](3)" classname="testCases.TC003_DDTest" time="5.879">
    <system-out><![CDATA[00:35:43.347 [main] INFO  testCases.TC003_DDTest - ************Login started****************
My Account
00:35:45.838 [main] INFO  testCases.TC003_DDTest - Login successful: My Account
00:35:45.936 [main] INFO  testCases.TC003_DDTest - ********Logout successfully*******
]]></system-out>
  </testcase>
  <testcase name="verify_loginDDT[naveendutt2027@gmail.com, howareyounaveen](4)" classname="testCases.TC003_DDTest" time="5.084">
    <system-out><![CDATA[00:35:49.227 [main] INFO  testCases.TC003_DDTest - ************Login started****************
My Account
00:35:50.972 [main] INFO  testCases.TC003_DDTest - Login successful: My Account
00:35:51.046 [main] INFO  testCases.TC003_DDTest - ********Logout successfully*******
]]></system-out>
  </testcase>
  <testcase name="verify_loginDDT[naveendutt2027@gmail.com, howareyounaveen](5)" classname="testCases.TC003_DDTest" time="5.2">
    <system-out><![CDATA[00:35:54.313 [main] INFO  testCases.TC003_DDTest - ************Login started****************
My Account
00:35:56.189 [main] INFO  testCases.TC003_DDTest - Login successful: My Account
00:35:56.280 [main] INFO  testCases.TC003_DDTest - ********Logout successfully*******
]]></system-out>
  </testcase>
  <testcase name="verify_loginDDT[naveendutt202@gmail.com, howareyounavee](6)" classname="testCases.TC003_DDTest" time="33.806">
    <system-out><![CDATA[00:35:59.514 [main] INFO  testCases.TC003_DDTest - ************Login started****************
00:36:33.319 [main] WARN  testCases.TC003_DDTest - ❌ Login failed for user: naveendutt202@gmail.com. Error: Warning: No match for E-Mail Address and/or Password.
]]></system-out>
  </testcase>
  <testcase name="verify_loginDDT[naveendutt2027@gmail.com, howareyounaveen](7)" classname="testCases.TC003_DDTest" time="5.791">
    <system-out><![CDATA[00:36:33.323 [main] INFO  testCases.TC003_DDTest - ************Login started****************
My Account
00:36:35.729 [main] INFO  testCases.TC003_DDTest - Login successful: My Account
00:36:35.825 [main] INFO  testCases.TC003_DDTest - ********Logout successfully*******
]]></system-out>
  </testcase>
</testsuite>