<?xml version="1.0" encoding="UTF-8"?>
<testng-results ignored="0" total="9" passed="9" failed="0" skipped="0">
  <reporter-output>
  </reporter-output>
  <suite started-at="2025-02-10T10:43:07 EST" name="Suite" finished-at="2025-02-10T10:47:15 EST" duration-ms="248728">
    <groups>
    </groups>
    <test started-at="2025-02-10T10:43:07 EST" name="Test" finished-at="2025-02-10T10:47:15 EST" duration-ms="248728">
      <class name="testCases.TC003_DDTest">
        <test-method is-config="true" signature="startbrowser()[pri:0, instance:testCases.TC003_DDTest@289710d9]" started-at="2025-02-10T10:44:25 EST" name="startbrowser" finished-at="2025-02-10T10:44:41 EST" duration-ms="15513" status="PASS">
          <reporter-output>
          </reporter-output>
        </test-method> <!-- startbrowser -->
        <test-method signature="verify_loginDDT(java.lang.String,java.lang.String)[pri:0, instance:testCases.TC003_DDTest@289710d9]" started-at="2025-02-10T10:44:43 EST" name="verify_loginDDT" data-provider="LoginData" finished-at="2025-02-10T10:44:55 EST" duration-ms="12674" status="PASS">
          <params>
            <param index="0">
              <value>
                <![CDATA[naveendutt2027@gmail.com]]>
              </value>
            </param>
            <param index="1">
              <value>
                <![CDATA[howareyounaveen]]>
              </value>
            </param>
          </params>
          <reporter-output>
          </reporter-output>
        </test-method> <!-- verify_loginDDT -->
        <test-method signature="verify_loginDDT(java.lang.String,java.lang.String)[pri:0, instance:testCases.TC003_DDTest@289710d9]" started-at="2025-02-10T10:44:55 EST" name="verify_loginDDT" data-provider="LoginData" finished-at="2025-02-10T10:45:34 EST" duration-ms="38317" status="PASS">
          <params>
            <param index="0">
              <value>
                <![CDATA[naveendutt202@gmail.com]]>
              </value>
            </param>
            <param index="1">
              <value>
                <![CDATA[howareyounavee]]>
              </value>
            </param>
          </params>
          <reporter-output>
          </reporter-output>
        </test-method> <!-- verify_loginDDT -->
        <test-method signature="verify_loginDDT(java.lang.String,java.lang.String)[pri:0, instance:testCases.TC003_DDTest@289710d9]" started-at="2025-02-10T10:45:34 EST" name="verify_loginDDT" data-provider="LoginData" finished-at="2025-02-10T10:46:00 EST" duration-ms="26717" status="PASS">
          <params>
            <param index="0">
              <value>
                <![CDATA[naveendutt2027@gmail.com]]>
              </value>
            </param>
            <param index="1">
              <value>
                <![CDATA[howareyounaveen]]>
              </value>
            </param>
          </params>
          <reporter-output>
          </reporter-output>
        </test-method> <!-- verify_loginDDT -->
        <test-method signature="verify_loginDDT(java.lang.String,java.lang.String)[pri:0, instance:testCases.TC003_DDTest@289710d9]" started-at="2025-02-10T10:46:00 EST" name="verify_loginDDT" data-provider="LoginData" finished-at="2025-02-10T10:46:10 EST" duration-ms="9859" status="PASS">
          <params>
            <param index="0">
              <value>
                <![CDATA[naveendutt2027@gmail.com]]>
              </value>
            </param>
            <param index="1">
              <value>
                <![CDATA[howareyounaveen]]>
              </value>
            </param>
          </params>
          <reporter-output>
          </reporter-output>
        </test-method> <!-- verify_loginDDT -->
        <test-method signature="verify_loginDDT(java.lang.String,java.lang.String)[pri:0, instance:testCases.TC003_DDTest@289710d9]" started-at="2025-02-10T10:46:10 EST" name="verify_loginDDT" data-provider="LoginData" finished-at="2025-02-10T10:46:19 EST" duration-ms="8897" status="PASS">
          <params>
            <param index="0">
              <value>
                <![CDATA[naveendutt2027@gmail.com]]>
              </value>
            </param>
            <param index="1">
              <value>
                <![CDATA[howareyounaveen]]>
              </value>
            </param>
          </params>
          <reporter-output>
          </reporter-output>
        </test-method> <!-- verify_loginDDT -->
        <test-method signature="verify_loginDDT(java.lang.String,java.lang.String)[pri:0, instance:testCases.TC003_DDTest@289710d9]" started-at="2025-02-10T10:46:19 EST" name="verify_loginDDT" data-provider="LoginData" finished-at="2025-02-10T10:46:54 EST" duration-ms="34550" status="PASS">
          <params>
            <param index="0">
              <value>
                <![CDATA[naveendutt202@gmail.com]]>
              </value>
            </param>
            <param index="1">
              <value>
                <![CDATA[howareyounavee]]>
              </value>
            </param>
          </params>
          <reporter-output>
          </reporter-output>
        </test-method> <!-- verify_loginDDT -->
        <test-method signature="verify_loginDDT(java.lang.String,java.lang.String)[pri:0, instance:testCases.TC003_DDTest@289710d9]" started-at="2025-02-10T10:46:54 EST" name="verify_loginDDT" data-provider="LoginData" finished-at="2025-02-10T10:47:15 EST" duration-ms="20952" status="PASS">
          <params>
            <param index="0">
              <value>
                <![CDATA[naveendutt2027@gmail.com]]>
              </value>
            </param>
            <param index="1">
              <value>
                <![CDATA[howareyounaveen]]>
              </value>
            </param>
          </params>
          <reporter-output>
          </reporter-output>
        </test-method> <!-- verify_loginDDT -->
        <test-method is-config="true" signature="teardown()[pri:0, instance:testCases.TC003_DDTest@289710d9]" started-at="2025-02-10T10:47:15 EST" name="teardown" finished-at="2025-02-10T10:47:15 EST" duration-ms="781" status="PASS">
          <reporter-output>
          </reporter-output>
        </test-method> <!-- teardown -->
      </class> <!-- testCases.TC003_DDTest -->
      <class name="testCases.TC001_AccountRegistrationTest">
        <test-method is-config="true" signature="startbrowser()[pri:0, instance:testCases.TC001_AccountRegistrationTest@51acdf2e]" started-at="2025-02-10T10:43:07 EST" name="startbrowser" finished-at="2025-02-10T10:43:29 EST" duration-ms="22660" status="PASS">
          <reporter-output>
          </reporter-output>
        </test-method> <!-- startbrowser -->
        <test-method signature="Home_AccountRegistration()[pri:0, instance:testCases.TC001_AccountRegistrationTest@51acdf2e]" started-at="2025-02-10T10:43:29 EST" name="Home_AccountRegistration" finished-at="2025-02-10T10:43:36 EST" duration-ms="6293" status="PASS">
          <reporter-output>
          </reporter-output>
        </test-method> <!-- Home_AccountRegistration -->
        <test-method is-config="true" signature="teardown()[pri:0, instance:testCases.TC001_AccountRegistrationTest@51acdf2e]" started-at="2025-02-10T10:43:36 EST" name="teardown" finished-at="2025-02-10T10:43:36 EST" duration-ms="710" status="PASS">
          <reporter-output>
          </reporter-output>
        </test-method> <!-- teardown -->
      </class> <!-- testCases.TC001_AccountRegistrationTest -->
      <class name="testCases.TC002_LoginPageTest">
        <test-method is-config="true" signature="startbrowser()[pri:0, instance:testCases.TC002_LoginPageTest@7ac0e420]" started-at="2025-02-10T10:43:36 EST" name="startbrowser" finished-at="2025-02-10T10:44:07 EST" duration-ms="30477" status="PASS">
          <reporter-output>
          </reporter-output>
        </test-method> <!-- startbrowser -->
        <test-method signature="verify_login()[pri:0, instance:testCases.TC002_LoginPageTest@7ac0e420]" started-at="2025-02-10T10:44:07 EST" name="verify_login" finished-at="2025-02-10T10:44:25 EST" duration-ms="17810" status="PASS">
          <reporter-output>
          </reporter-output>
        </test-method> <!-- verify_login -->
        <test-method is-config="true" signature="teardown()[pri:0, instance:testCases.TC002_LoginPageTest@7ac0e420]" started-at="2025-02-10T10:44:25 EST" name="teardown" finished-at="2025-02-10T10:44:25 EST" duration-ms="807" status="PASS">
          <reporter-output>
          </reporter-output>
        </test-method> <!-- teardown -->
      </class> <!-- testCases.TC002_LoginPageTest -->
    </test> <!-- Test -->
  </suite> <!-- Suite -->
</testng-results>
