<?xml version="1.0" encoding="UTF-8"?>
<testng-results ignored="0" total="9" passed="9" failed="0" skipped="0">
  <reporter-output>
  </reporter-output>
  <suite started-at="2025-02-07T00:17:58 EST" name="Suite" finished-at="2025-02-07T00:20:19 EST" duration-ms="141178">
    <groups>
    </groups>
    <test started-at="2025-02-07T00:17:58 EST" name="Test" finished-at="2025-02-07T00:20:19 EST" duration-ms="141178">
      <class name="testCases.TC003_DDTest">
        <test-method is-config="true" signature="startbrowser()[pri:0, instance:testCases.TC003_DDTest@2250b9f2]" started-at="2025-02-07T00:18:34 EST" name="startbrowser" finished-at="2025-02-07T00:18:40 EST" duration-ms="5977" status="PASS">
          <reporter-output>
          </reporter-output>
        </test-method> <!-- startbrowser -->
        <test-method signature="verify_loginDDT(java.lang.String,java.lang.String)[pri:0, instance:testCases.TC003_DDTest@2250b9f2]" started-at="2025-02-07T00:18:41 EST" name="verify_loginDDT" data-provider="LoginData" finished-at="2025-02-07T00:18:47 EST" duration-ms="5903" status="PASS">
          <params>
            <param index="0">
              <value>
                <![CDATA[naveendutt2027@gmail.com]]>
              </value>
            </param>
            <param index="1">
              <value>
                <![CDATA[howareyounaveen]]>
              </value>
            </param>
          </params>
          <reporter-output>
          </reporter-output>
        </test-method> <!-- verify_loginDDT -->
        <test-method signature="verify_loginDDT(java.lang.String,java.lang.String)[pri:0, instance:testCases.TC003_DDTest@2250b9f2]" started-at="2025-02-07T00:18:47 EST" name="verify_loginDDT" data-provider="LoginData" finished-at="2025-02-07T00:19:21 EST" duration-ms="33830" status="PASS">
          <params>
            <param index="0">
              <value>
                <![CDATA[naveendutt202@gmail.com]]>
              </value>
            </param>
            <param index="1">
              <value>
                <![CDATA[howareyounavee]]>
              </value>
            </param>
          </params>
          <reporter-output>
          </reporter-output>
        </test-method> <!-- verify_loginDDT -->
        <test-method signature="verify_loginDDT(java.lang.String,java.lang.String)[pri:0, instance:testCases.TC003_DDTest@2250b9f2]" started-at="2025-02-07T00:19:21 EST" name="verify_loginDDT" data-provider="LoginData" finished-at="2025-02-07T00:19:27 EST" duration-ms="6122" status="PASS">
          <params>
            <param index="0">
              <value>
                <![CDATA[naveendutt2027@gmail.com]]>
              </value>
            </param>
            <param index="1">
              <value>
                <![CDATA[howareyounaveen]]>
              </value>
            </param>
          </params>
          <reporter-output>
          </reporter-output>
        </test-method> <!-- verify_loginDDT -->
        <test-method signature="verify_loginDDT(java.lang.String,java.lang.String)[pri:0, instance:testCases.TC003_DDTest@2250b9f2]" started-at="2025-02-07T00:19:27 EST" name="verify_loginDDT" data-provider="LoginData" finished-at="2025-02-07T00:19:33 EST" duration-ms="5886" status="PASS">
          <params>
            <param index="0">
              <value>
                <![CDATA[naveendutt2027@gmail.com]]>
              </value>
            </param>
            <param index="1">
              <value>
                <![CDATA[howareyounaveen]]>
              </value>
            </param>
          </params>
          <reporter-output>
          </reporter-output>
        </test-method> <!-- verify_loginDDT -->
        <test-method signature="verify_loginDDT(java.lang.String,java.lang.String)[pri:0, instance:testCases.TC003_DDTest@2250b9f2]" started-at="2025-02-07T00:19:33 EST" name="verify_loginDDT" data-provider="LoginData" finished-at="2025-02-07T00:19:39 EST" duration-ms="5792" status="PASS">
          <params>
            <param index="0">
              <value>
                <![CDATA[naveendutt2027@gmail.com]]>
              </value>
            </param>
            <param index="1">
              <value>
                <![CDATA[howareyounaveen]]>
              </value>
            </param>
          </params>
          <reporter-output>
          </reporter-output>
        </test-method> <!-- verify_loginDDT -->
        <test-method signature="verify_loginDDT(java.lang.String,java.lang.String)[pri:0, instance:testCases.TC003_DDTest@2250b9f2]" started-at="2025-02-07T00:19:39 EST" name="verify_loginDDT" data-provider="LoginData" finished-at="2025-02-07T00:20:13 EST" duration-ms="33962" status="PASS">
          <params>
            <param index="0">
              <value>
                <![CDATA[naveendutt202@gmail.com]]>
              </value>
            </param>
            <param index="1">
              <value>
                <![CDATA[howareyounavee]]>
              </value>
            </param>
          </params>
          <reporter-output>
          </reporter-output>
        </test-method> <!-- verify_loginDDT -->
        <test-method signature="verify_loginDDT(java.lang.String,java.lang.String)[pri:0, instance:testCases.TC003_DDTest@2250b9f2]" started-at="2025-02-07T00:20:13 EST" name="verify_loginDDT" data-provider="LoginData" finished-at="2025-02-07T00:20:19 EST" duration-ms="5990" status="PASS">
          <params>
            <param index="0">
              <value>
                <![CDATA[naveendutt2027@gmail.com]]>
              </value>
            </param>
            <param index="1">
              <value>
                <![CDATA[howareyounaveen]]>
              </value>
            </param>
          </params>
          <reporter-output>
          </reporter-output>
        </test-method> <!-- verify_loginDDT -->
        <test-method is-config="true" signature="teardown()[pri:0, instance:testCases.TC003_DDTest@2250b9f2]" started-at="2025-02-07T00:20:19 EST" name="teardown" finished-at="2025-02-07T00:20:19 EST" duration-ms="850" status="PASS">
          <reporter-output>
          </reporter-output>
        </test-method> <!-- teardown -->
      </class> <!-- testCases.TC003_DDTest -->
      <class name="testCases.TC001_AccountRegistrationTest">
        <test-method is-config="true" signature="startbrowser()[pri:0, instance:testCases.TC001_AccountRegistrationTest@5adb0db3]" started-at="2025-02-07T00:17:58 EST" name="startbrowser" finished-at="2025-02-07T00:18:13 EST" duration-ms="14233" status="PASS">
          <reporter-output>
          </reporter-output>
        </test-method> <!-- startbrowser -->
        <test-method signature="Home_AccountRegistration()[pri:0, instance:testCases.TC001_AccountRegistrationTest@5adb0db3]" started-at="2025-02-07T00:18:13 EST" name="Home_AccountRegistration" finished-at="2025-02-07T00:18:16 EST" duration-ms="3145" status="PASS">
          <reporter-output>
          </reporter-output>
        </test-method> <!-- Home_AccountRegistration -->
        <test-method is-config="true" signature="teardown()[pri:0, instance:testCases.TC001_AccountRegistrationTest@5adb0db3]" started-at="2025-02-07T00:18:16 EST" name="teardown" finished-at="2025-02-07T00:18:16 EST" duration-ms="658" status="PASS">
          <reporter-output>
          </reporter-output>
        </test-method> <!-- teardown -->
      </class> <!-- testCases.TC001_AccountRegistrationTest -->
      <class name="testCases.TC002_LoginPageTest">
        <test-method is-config="true" signature="startbrowser()[pri:0, instance:testCases.TC002_LoginPageTest@5dcd8c7a]" started-at="2025-02-07T00:18:16 EST" name="startbrowser" finished-at="2025-02-07T00:18:23 EST" duration-ms="6229" status="PASS">
          <reporter-output>
          </reporter-output>
        </test-method> <!-- startbrowser -->
        <test-method signature="verify_login()[pri:0, instance:testCases.TC002_LoginPageTest@5dcd8c7a]" started-at="2025-02-07T00:18:23 EST" name="verify_login" finished-at="2025-02-07T00:18:33 EST" duration-ms="10605" status="PASS">
          <reporter-output>
          </reporter-output>
        </test-method> <!-- verify_login -->
        <test-method is-config="true" signature="teardown()[pri:0, instance:testCases.TC002_LoginPageTest@5dcd8c7a]" started-at="2025-02-07T00:18:33 EST" name="teardown" finished-at="2025-02-07T00:18:34 EST" duration-ms="821" status="PASS">
          <reporter-output>
          </reporter-output>
        </test-method> <!-- teardown -->
      </class> <!-- testCases.TC002_LoginPageTest -->
    </test> <!-- Test -->
  </suite> <!-- Suite -->
</testng-results>
